<?xml version="1.0" encoding="UTF-8"?>
<testsuite xmlns:xsi="http://www.w3.org/2001/XMLSchema-instance" xsi:noNamespaceSchemaLocation="https://maven.apache.org/surefire/maven-surefire-plugin/xsd/surefire-test-report-3.0.xsd" version="3.0" name="com.dyber.quac100.Quac100Test" time="0.134" tests="29" errors="0" skipped="1" failures="0">
  <properties>
[...]
</properties>
  <testcase name="testLibraryVersion" classname="com.dyber.quac100.Quac100Test" time="0.019">
    <system-out><![CDATA[Library version: 1.0.0
]]></system-out>
  </testcase>
  <testcase name="testLibraryBuildInfo" classname="com.dyber.quac100.Quac100Test" time="0.0">
    <system-out><![CDATA[Build info: QUAC 100 SDK v1.0.0
Built: Dec 11 2025 13:25:38
Compiler: MSVC 1943
Platform: Windows

]]></system-out>
  </testcase>
  <testcase name="testLibraryIsInitialized" classname="com.dyber.quac100.Quac100Test" time="0.0"/>
  <testcase name="testDeviceCount" classname="com.dyber.quac100.Quac100Test" time="0.012">
    <system-out><![CDATA[Device count: 1
]]></system-out>
  </testcase>
  <testcase name="testEnumerateDevices" classname="com.dyber.quac100.Quac100Test" time="0.002">
    <system-out><![CDATA[Enumerated 1 devices
  - DeviceInfo{index=0, model='QUAC 100 (Simulation)', serial='QUAC100-SIM-00001', firmware='1.0.0-sim', keySlots=256}
]]></system-out>
  </testcase>
  <testcase name="testErrorCodeEnum" classname="com.dyber.quac100.Quac100Test" time="0.002"/>
  <testcase name="testDeviceInfo" classname="com.dyber.quac100.Quac100Test" time="0.001">
    <system-out><![CDATA[Device info: DeviceInfo{index=0, model='QUAC 100 (Simulation)', serial='QUAC100-SIM-00001', firmware='1.0.0-sim', keySlots=256}
]]></system-out>
  </testcase>
  <testcase name="testDeviceStatus" classname="com.dyber.quac100.Quac100Test" time="0.003">
    <system-out><![CDATA[Device status: DeviceStatus{temp=45.0°C, entropy=95%, ops=100000, healthy=true, lastError=0}
]]></system-out>
  </testcase>
  <testcase name="testDeviceIsOpen" classname="com.dyber.quac100.Quac100Test" time="0.001"/>
  <testcase name="testDeviceSelfTest" classname="com.dyber.quac100.Quac100Test" time="0.002"/>
  <testcase name="testRandomSubsystem" classname="com.dyber.quac100.Quac100Test" time="0.002"/>
  <testcase name="testRandomBytes" classname="com.dyber.quac100.Quac100Test" time="0.0">
    <skipped message="JNI nativeGetBytes not implemented"/>
  </testcase>
  <testcase name="testEntropyStatus" classname="com.dyber.quac100.Quac100Test" time="0.003">
    <system-out><![CDATA[Entropy status: EntropyStatus{level=95%, healthy=true, generated=1000000 bytes, rate=0.00 bps}
]]></system-out>
  </testcase>
  <testcase name="testKemSubsystem" classname="com.dyber.quac100.Quac100Test" time="0.002"/>
  <testcase name="testKemKeyGen" classname="com.dyber.quac100.Quac100Test" time="0.005">
    <system-out><![CDATA[KEM KeyPair: pk=800 bytes, sk=1632 bytes
]]></system-out>
  </testcase>
  <testcase name="testKemEncapsDecaps" classname="com.dyber.quac100.Quac100Test" time="0.003">
    <system-out><![CDATA[KEM encaps/decaps successful, shared secret: 32 bytes
]]></system-out>
  </testcase>
  <testcase name="testSignSubsystem" classname="com.dyber.quac100.Quac100Test" time="0.001"/>
  <testcase name="testSignKeyGen" classname="com.dyber.quac100.Quac100Test" time="0.0">
    <system-out><![CDATA[Sign KeyPair: pk=1312 bytes, sk=2560 bytes
]]></system-out>
  </testcase>
  <testcase name="testSignVerify" classname="com.dyber.quac100.Quac100Test" time="0.001">
    <system-out><![CDATA[Sign/verify successful, signature: 2420 bytes
]]></system-out>
  </testcase>
  <testcase name="testSignVerifyInvalid" classname="com.dyber.quac100.Quac100Test" time="0.001"/>
  <testcase name="testHashSubsystem" classname="com.dyber.quac100.Quac100Test" time="0.001"/>
  <testcase name="testHash" classname="com.dyber.quac100.Quac100Test" time="0.001">
    <system-out><![CDATA[Hash computed: 32 bytes
]]></system-out>
  </testcase>
  <testcase name="testHashConsistency" classname="com.dyber.quac100.Quac100Test" time="0.002"/>
  <testcase name="testKeysSubsystem" classname="com.dyber.quac100.Quac100Test" time="0.001"/>
  <testcase name="testQuacException" classname="com.dyber.quac100.Quac100Test" time="0.0"/>
  <testcase name="testCryptoException" classname="com.dyber.quac100.Quac100Test" time="0.0"/>
  <testcase name="testDeviceException" classname="com.dyber.quac100.Quac100Test" time="0.0"/>
  <testcase name="testKeyPairClose" classname="com.dyber.quac100.Quac100Test" time="0.003"/>
  <testcase name="testEncapsulationResultClose" classname="com.dyber.quac100.Quac100Test" time="0.001"/>
</testsuite>